<?xml version="1.0" encoding="UTF-8"?>
<testsuite name="SolutionTest" tests="2" skipped="0" failures="0" errors="0" timestamp="2022-06-12T08:55:03" hostname="yuanyu-ubuntu" time="0.032">
  <properties/>
  <testcase name="numIslandsExample1()" classname="SolutionTest" time="0.029"/>
  <testcase name="numIslandsExample2()" classname="SolutionTest" time="0.001"/>
  <system-out><![CDATA[]]></system-out>
  <system-err><![CDATA[]]></system-err>
</testsuite>
